<?xml version="1.0" encoding="UTF-8"?>
<testng-results ignored="0" total="1" passed="1" failed="0" skipped="0">
  <reporter-output>
  </reporter-output>
  <suite started-at="2022-07-29T15:27:14 IST" name="Default suite" finished-at="2022-07-29T15:28:07 IST" duration-ms="52962">
    <groups>
    </groups>
    <test started-at="2022-07-29T15:27:14 IST" name="Default test" finished-at="2022-07-29T15:28:07 IST" duration-ms="52962">
      <class name="Selenium_End_To_End.Test3">
        <test-method is-config="true" signature="beforeTest()[pri:0, instance:Selenium_End_To_End.Test3@368247b9]" started-at="2022-07-29T15:27:14 IST" name="beforeTest" finished-at="2022-07-29T15:27:27 IST" duration-ms="13216" status="PASS">
          <reporter-output>
          </reporter-output>
        </test-method> <!-- beforeTest -->
        <test-method signature="openlinksSeprateTabs()[pri:0, instance:Selenium_End_To_End.Test3@368247b9]" started-at="2022-07-29T15:27:27 IST" name="openlinksSeprateTabs" finished-at="2022-07-29T15:28:07 IST" duration-ms="39430" status="PASS">
          <reporter-output>
          </reporter-output>
        </test-method> <!-- openlinksSeprateTabs -->
        <test-method is-config="true" signature="close()[pri:0, instance:Selenium_End_To_End.Test3@368247b9]" started-at="2022-07-29T15:28:07 IST" name="close" finished-at="2022-07-29T15:28:07 IST" duration-ms="209" status="PASS">
          <reporter-output>
          </reporter-output>
        </test-method> <!-- close -->
      </class> <!-- Selenium_End_To_End.Test3 -->
    </test> <!-- Default test -->
  </suite> <!-- Default suite -->
</testng-results>
